{"contracts/IPFSEvents.sol":{"l":{},"path":"/Users/sponnet/Documents/projects/IPFSConsortiumContracts/contracts/IPFSEvents.sol","s":{},"b":{},"f":{},"fnMap":{},"statementMap":{},"branchMap":{}},"contracts/IPFSProxy.sol":{"l":{"15":1,"24":1,"32":1,"40":1,"41":1,"48":1,"49":1,"57":1,"58":1},"path":"/Users/sponnet/Documents/projects/IPFSConsortiumContracts/contracts/IPFSProxy.sol","s":{"1":1,"2":1,"3":1,"4":1,"5":1,"6":1,"7":1,"8":1,"9":1},"b":{},"f":{"1":1,"2":1,"3":1,"4":1,"5":1,"6":1},"fnMap":{"1":{"name":"IPFSProxy","line":14,"loc":{"start":{"line":14,"column":4},"end":{"line":14,"column":116}}},"2":{"name":"addHash","line":23,"loc":{"start":{"line":23,"column":4},"end":{"line":23,"column":65}}},"3":{"name":"removeHash","line":31,"loc":{"start":{"line":31,"column":4},"end":{"line":31,"column":57}}},"4":{"name":"addMetadataObject","line":39,"loc":{"start":{"line":39,"column":4},"end":{"line":39,"column":68}}},"5":{"name":"removeMetadataObject","line":47,"loc":{"start":{"line":47,"column":4},"end":{"line":47,"column":71}}},"6":{"name":"setTotalPersistLimit","line":56,"loc":{"start":{"line":56,"column":4},"end":{"line":56,"column":87}}}},"statementMap":{"1":{"start":{"line":15,"column":8},"end":{"line":15,"column":42}},"2":{"start":{"line":24,"column":8},"end":{"line":24,"column":32}},"3":{"start":{"line":32,"column":8},"end":{"line":32,"column":29}},"4":{"start":{"line":40,"column":8},"end":{"line":40,"column":33}},"5":{"start":{"line":41,"column":8},"end":{"line":41,"column":41}},"6":{"start":{"line":48,"column":8},"end":{"line":48,"column":33}},"7":{"start":{"line":49,"column":8},"end":{"line":49,"column":43}},"8":{"start":{"line":57,"column":8},"end":{"line":57,"column":28}},"9":{"start":{"line":58,"column":8},"end":{"line":58,"column":34}}},"branchMap":{}}}