{"contracts/IPFSEvents.sol":{"l":{},"path":"/Users/edu/IPFSConsortium/IPFSConsortiumContracts/contracts/IPFSEvents.sol","s":{},"b":{},"f":{},"fnMap":{},"statementMap":{},"branchMap":{}},"contracts/IPFSProxy.sol":{"l":{"19":15,"20":12,"33":1,"34":1,"35":1,"44":5,"52":1,"61":3,"68":1,"75":2,"76":2,"77":2,"78":2,"79":2,"80":1,"81":1,"82":0,"85":1,"93":2,"101":1,"102":1},"path":"/Users/edu/IPFSConsortium/IPFSConsortiumContracts/contracts/IPFSProxy.sol","s":{"1":15,"2":1,"3":1,"4":1,"5":5,"6":1,"7":3,"8":1,"9":2,"10":2,"11":2,"12":2,"13":2,"14":1,"15":1,"16":0,"17":1,"18":2,"19":1,"20":1},"b":{"1":[12,3],"2":[2,0],"3":[2,0],"4":[1,1],"5":[0,1]},"f":{"1":15,"2":1,"3":5,"4":1,"5":3,"6":1,"7":2,"8":2,"9":1},"fnMap":{"1":{"name":"onlyValidMembers","line":18,"loc":{"start":{"line":18,"column":4},"end":{"line":18,"column":27}}},"2":{"name":"IPFSProxy","line":32,"loc":{"start":{"line":32,"column":4},"end":{"line":32,"column":54}}},"3":{"name":"addHash","line":43,"loc":{"start":{"line":43,"column":4},"end":{"line":43,"column":69}}},"4":{"name":"removeHash","line":51,"loc":{"start":{"line":51,"column":4},"end":{"line":51,"column":62}}},"5":{"name":"addContract","line":60,"loc":{"start":{"line":60,"column":4},"end":{"line":60,"column":73}}},"6":{"name":"removeContract","line":67,"loc":{"start":{"line":67,"column":4},"end":{"line":67,"column":74}}},"7":{"name":"banMember","line":74,"loc":{"start":{"line":74,"column":4},"end":{"line":74,"column":78}}},"8":{"name":"updateBanThreshold","line":92,"loc":{"start":{"line":92,"column":4},"end":{"line":92,"column":91}}},"9":{"name":"setTotalPersistLimit","line":100,"loc":{"start":{"line":100,"column":4},"end":{"line":100,"column":85}}}},"statementMap":{"1":{"start":{"line":19,"column":8},"end":{"line":19,"column":37}},"2":{"start":{"line":33,"column":8},"end":{"line":33,"column":27}},"3":{"start":{"line":34,"column":8},"end":{"line":34,"column":28}},"4":{"start":{"line":35,"column":8},"end":{"line":35,"column":40}},"5":{"start":{"line":44,"column":8},"end":{"line":44,"column":41}},"6":{"start":{"line":52,"column":8},"end":{"line":52,"column":39}},"7":{"start":{"line":61,"column":8},"end":{"line":61,"column":34}},"8":{"start":{"line":68,"column":8},"end":{"line":68,"column":39}},"9":{"start":{"line":75,"column":8},"end":{"line":75,"column":32}},"10":{"start":{"line":76,"column":8},"end":{"line":76,"column":47}},"11":{"start":{"line":77,"column":8},"end":{"line":77,"column":44}},"12":{"start":{"line":78,"column":8},"end":{"line":78,"column":29}},"13":{"start":{"line":79,"column":8},"end":{"line":79,"column":2375}},"14":{"start":{"line":80,"column":12},"end":{"line":80,"column":31}},"15":{"start":{"line":81,"column":12},"end":{"line":81,"column":2467}},"16":{"start":{"line":82,"column":16},"end":{"line":82,"column":31}},"17":{"start":{"line":85,"column":12},"end":{"line":85,"column":60}},"18":{"start":{"line":93,"column":8},"end":{"line":93,"column":31}},"19":{"start":{"line":101,"column":8},"end":{"line":101,"column":24}},"20":{"start":{"line":102,"column":8},"end":{"line":102,"column":33}}},"branchMap":{"1":{"line":19,"type":"if","locations":[{"start":{"line":19,"column":8},"end":{"line":19,"column":8}},{"start":{"line":19,"column":8},"end":{"line":19,"column":8}}]},"2":{"line":75,"type":"if","locations":[{"start":{"line":75,"column":8},"end":{"line":75,"column":8}},{"start":{"line":75,"column":8},"end":{"line":75,"column":8}}]},"3":{"line":76,"type":"if","locations":[{"start":{"line":76,"column":8},"end":{"line":76,"column":8}},{"start":{"line":76,"column":8},"end":{"line":76,"column":8}}]},"4":{"line":79,"type":"if","locations":[{"start":{"line":79,"column":8},"end":{"line":79,"column":8}},{"start":{"line":79,"column":8},"end":{"line":79,"column":8}}]},"5":{"line":81,"type":"if","locations":[{"start":{"line":81,"column":12},"end":{"line":81,"column":12}},{"start":{"line":81,"column":12},"end":{"line":81,"column":12}}]}}},"contracts/Multimember.sol":{"l":{"32":0,"33":0,"39":9,"40":6,"48":1,"49":1,"50":1,"51":1,"52":0,"53":0,"55":1,"60":0,"62":0,"63":0,"64":0,"65":0,"66":0,"67":0,"68":0,"69":0,"75":0,"76":0,"77":0,"78":0,"79":0,"81":0,"82":0,"83":0,"84":0,"85":0,"89":2,"90":0,"92":2,"93":2,"94":0,"95":2,"96":0,"97":2,"98":2,"99":2,"100":2,"104":0,"105":0,"106":0,"107":0,"108":0,"110":0,"111":0,"112":0,"113":0,"114":0,"118":1,"119":0,"120":1,"121":1,"122":1,"126":20,"130":0,"131":0,"134":0,"135":0,"138":0,"139":0,"146":9,"148":9,"149":0,"151":9,"153":9,"155":8,"157":8,"158":8,"159":8,"162":9,"164":9,"165":9,"167":9,"169":6,"170":6,"171":6,"174":3,"175":3,"181":0,"182":0,"183":0,"184":0,"187":0,"188":0,"191":0,"192":0,"193":0,"194":0,"200":3,"201":3,"202":6,"203":0,"206":3},"path":"/Users/edu/IPFSConsortium/IPFSConsortiumContracts/contracts/Multimember.sol","s":{"1":0,"2":9,"3":1,"4":1,"5":1,"6":1,"7":0,"8":0,"9":1,"10":0,"11":0,"12":0,"13":0,"14":0,"15":0,"16":0,"17":0,"18":0,"19":0,"20":0,"21":0,"22":0,"23":0,"24":0,"25":0,"26":0,"27":0,"28":2,"29":0,"30":2,"31":2,"32":0,"33":2,"34":0,"35":2,"36":2,"37":2,"38":0,"39":0,"40":0,"41":0,"42":0,"43":0,"44":0,"45":0,"46":0,"47":0,"48":1,"49":0,"50":1,"51":1,"52":1,"53":20,"54":0,"55":0,"56":0,"57":0,"58":0,"59":0,"60":9,"61":9,"62":0,"63":9,"64":9,"65":8,"66":8,"67":8,"68":8,"69":9,"70":9,"71":9,"72":9,"73":6,"74":3,"75":0,"76":0,"77":0,"78":0,"79":0,"80":0,"81":0,"82":0,"83":3,"84":3,"85":6},"b":{"1":[0,0],"2":[6,3],"3":[0,0],"4":[0,0],"5":[0,0],"6":[0,0],"7":[0,2],"8":[0,2],"9":[0,2],"10":[0,0],"11":[0,0],"12":[0,1],"13":[0,0],"14":[0,9],"15":[8,1],"16":[9,0],"17":[6,3],"18":[0,0],"19":[0,6]},"f":{"1":0,"2":9,"3":1,"4":0,"5":0,"6":2,"7":0,"8":1,"9":20,"10":0,"11":9,"12":0,"13":3},"fnMap":{"1":{"name":"onlymember","line":31,"loc":{"start":{"line":31,"column":4},"end":{"line":31,"column":21}}},"2":{"name":"onlymanymembers","line":38,"loc":{"start":{"line":38,"column":4},"end":{"line":38,"column":46}}},"3":{"name":"Multimember","line":47,"loc":{"start":{"line":47,"column":4},"end":{"line":47,"column":65}}},"4":{"name":"revoke","line":59,"loc":{"start":{"line":59,"column":4},"end":{"line":59,"column":46}}},"5":{"name":"changeMember","line":74,"loc":{"start":{"line":74,"column":4},"end":{"line":74,"column":98}}},"6":{"name":"addMember","line":88,"loc":{"start":{"line":88,"column":4},"end":{"line":88,"column":80}}},"7":{"name":"removeMember","line":103,"loc":{"start":{"line":103,"column":4},"end":{"line":103,"column":83}}},"8":{"name":"changeRequirement","line":117,"loc":{"start":{"line":117,"column":4},"end":{"line":117,"column":97}}},"9":{"name":"isMember","line":125,"loc":{"start":{"line":125,"column":4},"end":{"line":125,"column":65}}},"10":{"name":"hasConfirmed","line":129,"loc":{"start":{"line":129,"column":4},"end":{"line":129,"column":93}}},"11":{"name":"confirmAndCheck","line":144,"loc":{"start":{"line":144,"column":4},"end":{"line":144,"column":70}}},"12":{"name":"reorganizeMembers","line":180,"loc":{"start":{"line":180,"column":4},"end":{"line":180,"column":53}}},"13":{"name":"clearPending","line":199,"loc":{"start":{"line":199,"column":4},"end":{"line":199,"column":34}}}},"statementMap":{"1":{"start":{"line":32,"column":8},"end":{"line":32,"column":938}},"2":{"start":{"line":39,"column":8},"end":{"line":39,"column":1247}},"3":{"start":{"line":48,"column":8},"end":{"line":48,"column":41}},"4":{"start":{"line":49,"column":8},"end":{"line":49,"column":38}},"5":{"start":{"line":50,"column":8},"end":{"line":50,"column":42}},"6":{"start":{"line":51,"column":8},"end":{"line":51,"column":1693}},"7":{"start":{"line":52,"column":12},"end":{"line":52,"column":47}},"8":{"start":{"line":53,"column":12},"end":{"line":53,"column":51}},"9":{"start":{"line":55,"column":8},"end":{"line":55,"column":29}},"10":{"start":{"line":60,"column":8},"end":{"line":60,"column":57}},"11":{"start":{"line":62,"column":8},"end":{"line":62,"column":2122}},"12":{"start":{"line":63,"column":12},"end":{"line":63,"column":18}},"13":{"start":{"line":64,"column":8},"end":{"line":64,"column":43}},"14":{"start":{"line":65,"column":8},"end":{"line":65,"column":43}},"15":{"start":{"line":66,"column":8},"end":{"line":66,"column":2254}},"16":{"start":{"line":68,"column":12},"end":{"line":68,"column":48}},"17":{"start":{"line":69,"column":12},"end":{"line":69,"column":41}},"18":{"start":{"line":75,"column":8},"end":{"line":75,"column":2626}},"19":{"start":{"line":76,"column":12},"end":{"line":76,"column":18}},"20":{"start":{"line":77,"column":8},"end":{"line":77,"column":52}},"21":{"start":{"line":78,"column":8},"end":{"line":78,"column":2729}},"22":{"start":{"line":79,"column":12},"end":{"line":79,"column":18}},"23":{"start":{"line":81,"column":8},"end":{"line":81,"column":21}},"24":{"start":{"line":82,"column":8},"end":{"line":82,"column":41}},"25":{"start":{"line":83,"column":8},"end":{"line":83,"column":37}},"26":{"start":{"line":84,"column":8},"end":{"line":84,"column":45}},"27":{"start":{"line":85,"column":8},"end":{"line":85,"column":32}},"28":{"start":{"line":89,"column":8},"end":{"line":89,"column":3068}},"29":{"start":{"line":90,"column":12},"end":{"line":90,"column":18}},"30":{"start":{"line":92,"column":8},"end":{"line":92,"column":21}},"31":{"start":{"line":93,"column":8},"end":{"line":93,"column":3158}},"32":{"start":{"line":94,"column":12},"end":{"line":94,"column":30}},"33":{"start":{"line":95,"column":8},"end":{"line":95,"column":3218}},"34":{"start":{"line":96,"column":12},"end":{"line":96,"column":18}},"35":{"start":{"line":98,"column":8},"end":{"line":98,"column":46}},"36":{"start":{"line":99,"column":8},"end":{"line":99,"column":50}},"37":{"start":{"line":100,"column":8},"end":{"line":100,"column":27}},"38":{"start":{"line":104,"column":8},"end":{"line":104,"column":54}},"39":{"start":{"line":105,"column":8},"end":{"line":105,"column":3590}},"40":{"start":{"line":106,"column":12},"end":{"line":106,"column":18}},"41":{"start":{"line":107,"column":8},"end":{"line":107,"column":3641}},"42":{"start":{"line":108,"column":12},"end":{"line":108,"column":18}},"43":{"start":{"line":110,"column":8},"end":{"line":110,"column":33}},"44":{"start":{"line":111,"column":8},"end":{"line":111,"column":39}},"45":{"start":{"line":112,"column":8},"end":{"line":112,"column":21}},"46":{"start":{"line":113,"column":8},"end":{"line":113,"column":26}},"47":{"start":{"line":114,"column":8},"end":{"line":114,"column":29}},"48":{"start":{"line":118,"column":8},"end":{"line":118,"column":4084}},"49":{"start":{"line":119,"column":12},"end":{"line":119,"column":18}},"50":{"start":{"line":120,"column":8},"end":{"line":120,"column":32}},"51":{"start":{"line":121,"column":8},"end":{"line":121,"column":21}},"52":{"start":{"line":122,"column":8},"end":{"line":122,"column":39}},"53":{"start":{"line":126,"column":8},"end":{"line":126,"column":45}},"54":{"start":{"line":130,"column":8},"end":{"line":130,"column":43}},"55":{"start":{"line":131,"column":8},"end":{"line":131,"column":54}},"56":{"start":{"line":134,"column":8},"end":{"line":134,"column":4633}},"57":{"start":{"line":135,"column":12},"end":{"line":135,"column":24}},"58":{"start":{"line":138,"column":8},"end":{"line":138,"column":43}},"59":{"start":{"line":139,"column":8},"end":{"line":139,"column":59}},"60":{"start":{"line":146,"column":8},"end":{"line":146,"column":57}},"61":{"start":{"line":148,"column":8},"end":{"line":148,"column":5110}},"62":{"start":{"line":149,"column":12},"end":{"line":149,"column":18}},"63":{"start":{"line":151,"column":8},"end":{"line":151,"column":43}},"64":{"start":{"line":153,"column":8},"end":{"line":153,"column":5299}},"65":{"start":{"line":155,"column":12},"end":{"line":155,"column":41}},"66":{"start":{"line":157,"column":12},"end":{"line":157,"column":34}},"67":{"start":{"line":158,"column":12},"end":{"line":158,"column":50}},"68":{"start":{"line":159,"column":12},"end":{"line":159,"column":53}},"69":{"start":{"line":162,"column":8},"end":{"line":162,"column":43}},"70":{"start":{"line":164,"column":8},"end":{"line":164,"column":5858}},"71":{"start":{"line":165,"column":12},"end":{"line":165,"column":47}},"72":{"start":{"line":167,"column":12},"end":{"line":167,"column":6031}},"73":{"start":{"line":171,"column":16},"end":{"line":171,"column":27}},"74":{"start":{"line":175,"column":16},"end":{"line":175,"column":52}},"75":{"start":{"line":181,"column":8},"end":{"line":181,"column":20}},"76":{"start":{"line":182,"column":8},"end":{"line":182,"column":6578}},"77":{"start":{"line":183,"column":12},"end":{"line":183,"column":6624}},"78":{"start":{"line":187,"column":12},"end":{"line":187,"column":6730}},"79":{"start":{"line":191,"column":12},"end":{"line":191,"column":6849}},"80":{"start":{"line":192,"column":16},"end":{"line":192,"column":56}},"81":{"start":{"line":193,"column":16},"end":{"line":193,"column":52}},"82":{"start":{"line":194,"column":16},"end":{"line":194,"column":42}},"83":{"start":{"line":200,"column":8},"end":{"line":200,"column":42}},"84":{"start":{"line":201,"column":8},"end":{"line":201,"column":7214}},"85":{"start":{"line":202,"column":12},"end":{"line":202,"column":7266}}},"branchMap":{"1":{"line":32,"type":"if","locations":[{"start":{"line":32,"column":8},"end":{"line":32,"column":8}},{"start":{"line":32,"column":8},"end":{"line":32,"column":8}}]},"2":{"line":39,"type":"if","locations":[{"start":{"line":39,"column":8},"end":{"line":39,"column":8}},{"start":{"line":39,"column":8},"end":{"line":39,"column":8}}]},"3":{"line":62,"type":"if","locations":[{"start":{"line":62,"column":8},"end":{"line":62,"column":8}},{"start":{"line":62,"column":8},"end":{"line":62,"column":8}}]},"4":{"line":66,"type":"if","locations":[{"start":{"line":66,"column":8},"end":{"line":66,"column":8}},{"start":{"line":66,"column":8},"end":{"line":66,"column":8}}]},"5":{"line":75,"type":"if","locations":[{"start":{"line":75,"column":8},"end":{"line":75,"column":8}},{"start":{"line":75,"column":8},"end":{"line":75,"column":8}}]},"6":{"line":78,"type":"if","locations":[{"start":{"line":78,"column":8},"end":{"line":78,"column":8}},{"start":{"line":78,"column":8},"end":{"line":78,"column":8}}]},"7":{"line":89,"type":"if","locations":[{"start":{"line":89,"column":8},"end":{"line":89,"column":8}},{"start":{"line":89,"column":8},"end":{"line":89,"column":8}}]},"8":{"line":93,"type":"if","locations":[{"start":{"line":93,"column":8},"end":{"line":93,"column":8}},{"start":{"line":93,"column":8},"end":{"line":93,"column":8}}]},"9":{"line":95,"type":"if","locations":[{"start":{"line":95,"column":8},"end":{"line":95,"column":8}},{"start":{"line":95,"column":8},"end":{"line":95,"column":8}}]},"10":{"line":105,"type":"if","locations":[{"start":{"line":105,"column":8},"end":{"line":105,"column":8}},{"start":{"line":105,"column":8},"end":{"line":105,"column":8}}]},"11":{"line":107,"type":"if","locations":[{"start":{"line":107,"column":8},"end":{"line":107,"column":8}},{"start":{"line":107,"column":8},"end":{"line":107,"column":8}}]},"12":{"line":118,"type":"if","locations":[{"start":{"line":118,"column":8},"end":{"line":118,"column":8}},{"start":{"line":118,"column":8},"end":{"line":118,"column":8}}]},"13":{"line":134,"type":"if","locations":[{"start":{"line":134,"column":8},"end":{"line":134,"column":8}},{"start":{"line":134,"column":8},"end":{"line":134,"column":8}}]},"14":{"line":148,"type":"if","locations":[{"start":{"line":148,"column":8},"end":{"line":148,"column":8}},{"start":{"line":148,"column":8},"end":{"line":148,"column":8}}]},"15":{"line":153,"type":"if","locations":[{"start":{"line":153,"column":8},"end":{"line":153,"column":8}},{"start":{"line":153,"column":8},"end":{"line":153,"column":8}}]},"16":{"line":164,"type":"if","locations":[{"start":{"line":164,"column":8},"end":{"line":164,"column":8}},{"start":{"line":164,"column":8},"end":{"line":164,"column":8}}]},"17":{"line":167,"type":"if","locations":[{"start":{"line":167,"column":12},"end":{"line":167,"column":12}},{"start":{"line":167,"column":12},"end":{"line":167,"column":12}}]},"18":{"line":191,"type":"if","locations":[{"start":{"line":191,"column":12},"end":{"line":191,"column":12}},{"start":{"line":191,"column":12},"end":{"line":191,"column":12}}]},"19":{"line":202,"type":"if","locations":[{"start":{"line":202,"column":12},"end":{"line":202,"column":12}},{"start":{"line":202,"column":12},"end":{"line":202,"column":12}}]}}}}